android/app/build/intermediates/manifest_merge_blame_file/release/manifest-merger-blame-release-report.txt
1<?xml version="1.0" encoding="utf-8"?>
2<manifest xmlns:android="http://schemas.android.com/apk/res/android"
3    package="com.mle.helloworld"
4    android:versionCode="1"
5    android:versionName="1.0" >
6
7    <uses-sdk
8        android:minSdkVersion="16"
8-->src\main\AndroidManifest.xml
9        android:targetSdkVersion="29" />
9-->src\main\AndroidManifest.xml
10
11    <uses-permission android:name="android.permission.INTERNET" />
11-->src\main\AndroidManifest.xml:4:5-67
11-->src\main\AndroidManifest.xml:4:22-64
12    <uses-permission android:name="android.permission.WAKE_LOCK" />
12-->[:react-native-firebase_admob] AndroidManifest.xml:12:5-68
12-->[:react-native-firebase_admob] AndroidManifest.xml:12:22-65
13    <uses-permission android:name="android.permission.ACCESS_NETWORK_STATE" />
13-->[:react-native-firebase_admob] AndroidManifest.xml:13:5-79
13-->[:react-native-firebase_admob] AndroidManifest.xml:13:22-76
14    <uses-permission android:name="com.google.android.finsky.permission.BIND_GET_INSTALL_REFERRER_SERVICE" />
14-->[com.google.android.gms:play-services-measurement:17.6.0] AndroidManifest.xml:26:5-110
14-->[com.google.android.gms:play-services-measurement:17.6.0] AndroidManifest.xml:26:22-107
15
16    <application
16-->src\main\AndroidManifest.xml:6:5-30:19
17        android:name="com.mle.helloworld.MainApplication"
17-->src\main\AndroidManifest.xml:7:7-38
18        android:allowBackup="false"
18-->src\main\AndroidManifest.xml:11:7-34
19        android:appComponentFactory="androidx.core.app.CoreComponentFactory"
19-->[androidx.core:core:1.2.0] AndroidManifest.xml:24:18-86
20        android:icon="@mipmap/ic_launcher"
20-->src\main\AndroidManifest.xml:9:7-41
21        android:label="@string/app_name"
21-->src\main\AndroidManifest.xml:8:7-39
22        android:roundIcon="@mipmap/ic_launcher_round"
22-->src\main\AndroidManifest.xml:10:7-52
23        android:theme="@style/AppTheme" >
23-->src\main\AndroidManifest.xml:12:7-38
24        <activity
24-->src\main\AndroidManifest.xml:13:7-23:18
25            android:name="com.mle.helloworld.MainActivity"
25-->src\main\AndroidManifest.xml:14:9-37
26            android:configChanges="keyboard|keyboardHidden|orientation|screenSize|uiMode"
26-->src\main\AndroidManifest.xml:16:9-86
27            android:label="@string/app_name"
27-->src\main\AndroidManifest.xml:15:9-41
28            android:launchMode="singleTask"
28-->src\main\AndroidManifest.xml:17:9-40
29            android:windowSoftInputMode="adjustResize" >
29-->src\main\AndroidManifest.xml:18:9-51
30            <intent-filter>
30-->src\main\AndroidManifest.xml:19:9-22:25
31                <action android:name="android.intent.action.MAIN" />
31-->src\main\AndroidManifest.xml:20:13-65
31-->src\main\AndroidManifest.xml:20:21-62
32
33                <category android:name="android.intent.category.LAUNCHER" />
33-->src\main\AndroidManifest.xml:21:13-73
33-->src\main\AndroidManifest.xml:21:23-70
34            </intent-filter>
35        </activity>
36        <activity android:name="com.facebook.react.devsupport.DevSettingsActivity" />
36-->src\main\AndroidManifest.xml:24:7-84
36-->src\main\AndroidManifest.xml:24:17-81
37
38        <meta-data
38-->src\main\AndroidManifest.xml:26:7-28:69
39            android:name="com.google.android.gms.ads.ca-app-pub-7585303156387741/7864393055"
39-->src\main\AndroidManifest.xml:27:13-93
40            android:value="ca-app-pub-7585303156387741/7864393055" />
40-->src\main\AndroidManifest.xml:28:13-67
41        <meta-data
41-->[:react-native-firebase_admob] AndroidManifest.xml:16:9-18:70
42            android:name="com.google.android.gms.ads.APPLICATION_ID"
42-->[:react-native-firebase_admob] AndroidManifest.xml:17:13-69
43            android:value="ca-app-pub-7585303156387741~5462107916" />
43-->[:react-native-firebase_admob] AndroidManifest.xml:18:13-67
44        <meta-data
44-->[:react-native-firebase_admob] AndroidManifest.xml:19:9-21:37
45            android:name="com.google.android.gms.ads.DELAY_APP_MEASUREMENT_INIT"
45-->[:react-native-firebase_admob] AndroidManifest.xml:20:13-81
46            android:value="false" />
46-->[:react-native-firebase_admob] AndroidManifest.xml:21:13-34
47
48        <receiver
48-->[com.google.android.gms:play-services-measurement:17.6.0] AndroidManifest.xml:29:9-33:20
49            android:name="com.google.android.gms.measurement.AppMeasurementReceiver"
49-->[com.google.android.gms:play-services-measurement:17.6.0] AndroidManifest.xml:30:13-85
50            android:enabled="true"
50-->[com.google.android.gms:play-services-measurement:17.6.0] AndroidManifest.xml:31:13-35
51            android:exported="false" >
51-->[com.google.android.gms:play-services-measurement:17.6.0] AndroidManifest.xml:32:13-37
52        </receiver>
53
54        <service
54-->[com.google.android.gms:play-services-measurement:17.6.0] AndroidManifest.xml:35:9-38:40
55            android:name="com.google.android.gms.measurement.AppMeasurementService"
55-->[com.google.android.gms:play-services-measurement:17.6.0] AndroidManifest.xml:36:13-84
56            android:enabled="true"
56-->[com.google.android.gms:play-services-measurement:17.6.0] AndroidManifest.xml:37:13-35
57            android:exported="false" />
57-->[com.google.android.gms:play-services-measurement:17.6.0] AndroidManifest.xml:38:13-37
58        <service
58-->[com.google.android.gms:play-services-measurement:17.6.0] AndroidManifest.xml:39:9-43:72
59            android:name="com.google.android.gms.measurement.AppMeasurementJobService"
59-->[com.google.android.gms:play-services-measurement:17.6.0] AndroidManifest.xml:40:13-87
60            android:enabled="true"
60-->[com.google.android.gms:play-services-measurement:17.6.0] AndroidManifest.xml:41:13-35
61            android:exported="false"
61-->[com.google.android.gms:play-services-measurement:17.6.0] AndroidManifest.xml:42:13-37
62            android:permission="android.permission.BIND_JOB_SERVICE" />
62-->[com.google.android.gms:play-services-measurement:17.6.0] AndroidManifest.xml:43:13-69
63        <service
63-->[com.google.android.gms:play-services-measurement-api:17.6.0] AndroidManifest.xml:27:9-33:19
64            android:name="com.google.firebase.components.ComponentDiscoveryService"
64-->[com.google.android.gms:play-services-measurement-api:17.6.0] AndroidManifest.xml:28:13-84
65            android:directBootAware="true"
65-->[com.google.firebase:firebase-common:19.3.0] AndroidManifest.xml:34:13-43
66            android:exported="false" >
66-->[com.google.android.gms:play-services-measurement-api:17.6.0] AndroidManifest.xml:29:13-37
67            <meta-data
67-->[com.google.android.gms:play-services-measurement-api:17.6.0] AndroidManifest.xml:30:13-32:85
68                android:name="com.google.firebase.components:com.google.firebase.analytics.connector.internal.AnalyticsConnectorRegistrar"
68-->[com.google.android.gms:play-services-measurement-api:17.6.0] AndroidManifest.xml:31:17-139
69                android:value="com.google.firebase.components.ComponentRegistrar" />
69-->[com.google.android.gms:play-services-measurement-api:17.6.0] AndroidManifest.xml:32:17-82
70            <meta-data
70-->[com.google.firebase:firebase-installations:16.3.2] AndroidManifest.xml:17:13-19:85
71                android:name="com.google.firebase.components:com.google.firebase.installations.FirebaseInstallationsRegistrar"
71-->[com.google.firebase:firebase-installations:16.3.2] AndroidManifest.xml:18:17-127
72                android:value="com.google.firebase.components.ComponentRegistrar" />
72-->[com.google.firebase:firebase-installations:16.3.2] AndroidManifest.xml:19:17-82
73        </service> <!-- Include the AdActivity and InAppPurchaseActivity configChanges and themes. -->
74        <activity
74-->[com.google.android.gms:play-services-ads-lite:19.4.0] AndroidManifest.xml:29:9-33:64
75            android:name="com.google.android.gms.ads.AdActivity"
75-->[com.google.android.gms:play-services-ads-lite:19.4.0] AndroidManifest.xml:30:13-65
76            android:configChanges="keyboard|keyboardHidden|orientation|screenLayout|uiMode|screenSize|smallestScreenSize"
76-->[com.google.android.gms:play-services-ads-lite:19.4.0] AndroidManifest.xml:31:13-122
77            android:exported="false"
77-->[com.google.android.gms:play-services-ads-lite:19.4.0] AndroidManifest.xml:32:13-37
78            android:theme="@android:style/Theme.Translucent" />
78-->[com.google.android.gms:play-services-ads-lite:19.4.0] AndroidManifest.xml:33:13-61
79
80        <provider
80-->[com.google.android.gms:play-services-ads-lite:19.4.0] AndroidManifest.xml:35:9-39:39
81            android:name="com.google.android.gms.ads.MobileAdsInitProvider"
81-->[com.google.android.gms:play-services-ads-lite:19.4.0] AndroidManifest.xml:36:13-76
82            android:authorities="com.mle.helloworld.mobileadsinitprovider"
82-->[com.google.android.gms:play-services-ads-lite:19.4.0] AndroidManifest.xml:37:13-73
83            android:exported="false"
83-->[com.google.android.gms:play-services-ads-lite:19.4.0] AndroidManifest.xml:38:13-37
84            android:initOrder="100" />
84-->[com.google.android.gms:play-services-ads-lite:19.4.0] AndroidManifest.xml:39:13-36
85
86        <service
86-->[com.google.android.gms:play-services-ads-lite:19.4.0] AndroidManifest.xml:41:9-44:40
87            android:name="com.google.android.gms.ads.AdService"
87-->[com.google.android.gms:play-services-ads-lite:19.4.0] AndroidManifest.xml:42:13-64
88            android:enabled="true"
88-->[com.google.android.gms:play-services-ads-lite:19.4.0] AndroidManifest.xml:43:13-35
89            android:exported="false" />
89-->[com.google.android.gms:play-services-ads-lite:19.4.0] AndroidManifest.xml:44:13-37
90
91        <activity
91-->[com.google.android.gms:play-services-auth:16.0.1] AndroidManifest.xml:23:9-27:75
92            android:name="com.google.android.gms.auth.api.signin.internal.SignInHubActivity"
92-->[com.google.android.gms:play-services-auth:16.0.1] AndroidManifest.xml:24:13-93
93            android:excludeFromRecents="true"
93-->[com.google.android.gms:play-services-auth:16.0.1] AndroidManifest.xml:25:13-46
94            android:exported="false"
94-->[com.google.android.gms:play-services-auth:16.0.1] AndroidManifest.xml:26:13-37
95            android:theme="@android:style/Theme.Translucent.NoTitleBar" />
95-->[com.google.android.gms:play-services-auth:16.0.1] AndroidManifest.xml:27:13-72
96        <!--
97            Service handling Google Sign-In user revocation. For apps that do not integrate with
98            Google Sign-In, this service will never be started.
99        -->
100        <service
100-->[com.google.android.gms:play-services-auth:16.0.1] AndroidManifest.xml:33:9-36:110
101            android:name="com.google.android.gms.auth.api.signin.RevocationBoundService"
101-->[com.google.android.gms:play-services-auth:16.0.1] AndroidManifest.xml:34:13-89
102            android:exported="true"
102-->[com.google.android.gms:play-services-auth:16.0.1] AndroidManifest.xml:35:13-36
103            android:permission="com.google.android.gms.auth.api.signin.permission.REVOCATION_NOTIFICATION" />
103-->[com.google.android.gms:play-services-auth:16.0.1] AndroidManifest.xml:36:13-107
104
105        <activity
105-->[com.google.android.gms:play-services-base:16.0.1] AndroidManifest.xml:23:9-26:75
106            android:name="com.google.android.gms.common.api.GoogleApiActivity"
106-->[com.google.android.gms:play-services-base:16.0.1] AndroidManifest.xml:24:13-79
107            android:exported="false"
107-->[com.google.android.gms:play-services-base:16.0.1] AndroidManifest.xml:25:13-37
108            android:theme="@android:style/Theme.Translucent.NoTitleBar" />
108-->[com.google.android.gms:play-services-base:16.0.1] AndroidManifest.xml:26:13-72
109
110        <provider
110-->[com.google.firebase:firebase-common:19.3.0] AndroidManifest.xml:26:9-30:39
111            android:name="com.google.firebase.provider.FirebaseInitProvider"
111-->[com.google.firebase:firebase-common:19.3.0] AndroidManifest.xml:27:13-77
112            android:authorities="com.mle.helloworld.firebaseinitprovider"
112-->[com.google.firebase:firebase-common:19.3.0] AndroidManifest.xml:28:13-72
113            android:exported="false"
113-->[com.google.firebase:firebase-common:19.3.0] AndroidManifest.xml:29:13-37
114            android:initOrder="100" />
114-->[com.google.firebase:firebase-common:19.3.0] AndroidManifest.xml:30:13-36
115
116        <meta-data
116-->[com.google.android.gms:play-services-basement:17.3.0] AndroidManifest.xml:23:9-25:69
117            android:name="com.google.android.gms.version"
117-->[com.google.android.gms:play-services-basement:17.3.0] AndroidManifest.xml:24:13-58
118            android:value="@integer/google_play_services_version" />
118-->[com.google.android.gms:play-services-basement:17.3.0] AndroidManifest.xml:25:13-66
119    </application>
120
121</manifest>